[art:5608] core @2017-08-08 09:56:07> looking for get /login in /home/devel/perl5/perlbrew/perls/perl-5.24.0/lib/site_perl/5.24.0/Dancer2/Core/App.pm l. 36
[art:5608] core @2017-08-08 09:56:07> Entering hook core.app.before_request in (eval 257) l. 1
[art:5608] debug @2017-08-08 09:56:07> request->path : /login in /home/devel/Perl/GeekUni/topic-05/ex05/art/bin/../lib/art.pm l. 119
[art:5608] core @2017-08-08 09:56:08> Entering hook core.app.after_request in (eval 257) l. 1
[art:5608] core @2017-08-08 09:56:08> looking for get /retrieve-data in /home/devel/perl5/perlbrew/perls/perl-5.24.0/lib/site_perl/5.24.0/Dancer2/Core/App.pm l. 36
[art:5608] core @2017-08-08 09:56:08> Entering hook core.app.before_request in (eval 257) l. 1
[art:5608] debug @2017-08-08 09:56:08> request->path : /retrieve-data in /home/devel/Perl/GeekUni/topic-05/ex05/art/bin/../lib/art.pm l. 119
[art:5608] core @2017-08-08 09:56:08> Entering hook core.app.after_request in (eval 257) l. 1
[art:5608] core @2017-08-08 09:56:12> looking for post / in /home/devel/perl5/perlbrew/perls/perl-5.24.0/lib/site_perl/5.24.0/Dancer2/Core/App.pm l. 36
[art:5608] core @2017-08-08 09:56:12> Entering hook core.app.before_request in (eval 257) l. 1
[art:5608] debug @2017-08-08 09:56:12> request->path : / in /home/devel/Perl/GeekUni/topic-05/ex05/art/bin/../lib/art.pm l. 119
[art:5608] core @2017-08-08 09:56:12> Entering hook core.app.after_request in (eval 257) l. 1
[art:5608] core @2017-08-08 09:56:12> looking for get /retrieve-data in /home/devel/perl5/perlbrew/perls/perl-5.24.0/lib/site_perl/5.24.0/Dancer2/Core/App.pm l. 36
[art:5608] core @2017-08-08 09:56:12> Entering hook core.app.before_request in (eval 257) l. 1
[art:5608] debug @2017-08-08 09:56:12> request->path : /retrieve-data in /home/devel/Perl/GeekUni/topic-05/ex05/art/bin/../lib/art.pm l. 119
[art:5608] core @2017-08-08 09:56:12> Entering hook core.app.after_request in (eval 257) l. 1
[art:5608] core @2017-08-08 09:56:16> looking for get /toggle-ownership/1 in /home/devel/perl5/perlbrew/perls/perl-5.24.0/lib/site_perl/5.24.0/Dancer2/Core/App.pm l. 36
[art:5608] core @2017-08-08 09:56:16> Entering hook core.app.before_request in (eval 257) l. 1
[art:5608] debug @2017-08-08 09:56:16> request->path : /toggle-ownership/1 in /home/devel/Perl/GeekUni/topic-05/ex05/art/bin/../lib/art.pm l. 119
[art:5608] core @2017-08-08 09:56:16> Entering hook core.app.after_request in (eval 257) l. 1
[art:5608] core @2017-08-08 09:56:20> looking for get /closeup/1 in /home/devel/perl5/perlbrew/perls/perl-5.24.0/lib/site_perl/5.24.0/Dancer2/Core/App.pm l. 36
[art:5608] core @2017-08-08 09:56:20> Entering hook core.app.before_request in (eval 257) l. 1
[art:5608] debug @2017-08-08 09:56:20> request->path : /closeup/1 in /home/devel/Perl/GeekUni/topic-05/ex05/art/bin/../lib/art.pm l. 119
[art:5608] core @2017-08-08 09:56:20> Entering hook core.app.after_request in (eval 257) l. 1
[art:5608] core @2017-08-08 09:56:20> looking for get /retrieve-data in /home/devel/perl5/perlbrew/perls/perl-5.24.0/lib/site_perl/5.24.0/Dancer2/Core/App.pm l. 36
[art:5608] core @2017-08-08 09:56:20> Entering hook core.app.before_request in (eval 257) l. 1
[art:5608] debug @2017-08-08 09:56:20> request->path : /retrieve-data in /home/devel/Perl/GeekUni/topic-05/ex05/art/bin/../lib/art.pm l. 119
[art:5608] core @2017-08-08 09:56:20> Entering hook core.app.after_request in (eval 257) l. 1
[art:5608] core @2017-08-08 09:56:23> looking for get / in /home/devel/perl5/perlbrew/perls/perl-5.24.0/lib/site_perl/5.24.0/Dancer2/Core/App.pm l. 36
[art:5608] core @2017-08-08 09:56:23> Entering hook core.app.before_request in (eval 257) l. 1
[art:5608] debug @2017-08-08 09:56:23> request->path : / in /home/devel/Perl/GeekUni/topic-05/ex05/art/bin/../lib/art.pm l. 119
[art:5608] core @2017-08-08 09:56:23> Entering hook core.app.after_request in (eval 257) l. 1
[art:5608] core @2017-08-08 09:56:23> looking for get /retrieve-data in /home/devel/perl5/perlbrew/perls/perl-5.24.0/lib/site_perl/5.24.0/Dancer2/Core/App.pm l. 36
[art:5608] core @2017-08-08 09:56:23> Entering hook core.app.before_request in (eval 257) l. 1
[art:5608] debug @2017-08-08 09:56:23> request->path : /retrieve-data in /home/devel/Perl/GeekUni/topic-05/ex05/art/bin/../lib/art.pm l. 119
[art:5608] core @2017-08-08 09:56:23> Entering hook core.app.after_request in (eval 257) l. 1
[art:5608] core @2017-08-08 09:56:32> looking for get /toggle-ownership/4 in /home/devel/perl5/perlbrew/perls/perl-5.24.0/lib/site_perl/5.24.0/Dancer2/Core/App.pm l. 36
[art:5608] core @2017-08-08 09:56:32> Entering hook core.app.before_request in (eval 257) l. 1
[art:5608] debug @2017-08-08 09:56:32> request->path : /toggle-ownership/4 in /home/devel/Perl/GeekUni/topic-05/ex05/art/bin/../lib/art.pm l. 119
[art:5608] core @2017-08-08 09:56:32> Entering hook core.app.after_request in (eval 257) l. 1
[art:5608] core @2017-08-08 09:56:41> looking for get /toggle-ownership/8 in /home/devel/perl5/perlbrew/perls/perl-5.24.0/lib/site_perl/5.24.0/Dancer2/Core/App.pm l. 36
[art:5608] core @2017-08-08 09:56:41> Entering hook core.app.before_request in (eval 257) l. 1
[art:5608] debug @2017-08-08 09:56:41> request->path : /toggle-ownership/8 in /home/devel/Perl/GeekUni/topic-05/ex05/art/bin/../lib/art.pm l. 119
[art:5608] core @2017-08-08 09:56:41> Entering hook core.app.after_request in (eval 257) l. 1
[art:5608] core @2017-08-08 09:56:44> looking for get /toggle-ownership/8 in /home/devel/perl5/perlbrew/perls/perl-5.24.0/lib/site_perl/5.24.0/Dancer2/Core/App.pm l. 36
[art:5608] core @2017-08-08 09:56:44> Entering hook core.app.before_request in (eval 257) l. 1
[art:5608] debug @2017-08-08 09:56:44> request->path : /toggle-ownership/8 in /home/devel/Perl/GeekUni/topic-05/ex05/art/bin/../lib/art.pm l. 119
[art:5608] core @2017-08-08 09:56:44> Entering hook core.app.after_request in (eval 257) l. 1
[art:5608] core @2017-08-08 09:56:48> looking for get /toggle-ownership/4 in /home/devel/perl5/perlbrew/perls/perl-5.24.0/lib/site_perl/5.24.0/Dancer2/Core/App.pm l. 36
[art:5608] core @2017-08-08 09:56:48> Entering hook core.app.before_request in (eval 257) l. 1
[art:5608] debug @2017-08-08 09:56:48> request->path : /toggle-ownership/4 in /home/devel/Perl/GeekUni/topic-05/ex05/art/bin/../lib/art.pm l. 119
[art:5608] core @2017-08-08 09:56:48> Entering hook core.app.after_request in (eval 257) l. 1
[art:5608] core @2017-08-08 09:56:52> looking for get /toggle-ownership/1 in /home/devel/perl5/perlbrew/perls/perl-5.24.0/lib/site_perl/5.24.0/Dancer2/Core/App.pm l. 36
[art:5608] core @2017-08-08 09:56:52> Entering hook core.app.before_request in (eval 257) l. 1
[art:5608] debug @2017-08-08 09:56:52> request->path : /toggle-ownership/1 in /home/devel/Perl/GeekUni/topic-05/ex05/art/bin/../lib/art.pm l. 119
[art:5608] core @2017-08-08 09:56:52> Entering hook core.app.after_request in (eval 257) l. 1
[art:5608] core @2017-08-08 09:56:55> looking for get /logout in /home/devel/perl5/perlbrew/perls/perl-5.24.0/lib/site_perl/5.24.0/Dancer2/Core/App.pm l. 36
[art:5608] core @2017-08-08 09:56:55> Entering hook core.app.before_request in (eval 257) l. 1
[art:5608] debug @2017-08-08 09:56:55> request->path : /logout in /home/devel/Perl/GeekUni/topic-05/ex05/art/bin/../lib/art.pm l. 119
[art:5608] warning @2017-08-08 09:56:55> User a is logging out in /home/devel/Perl/GeekUni/topic-05/ex05/art/bin/../lib/art.pm l. 32
[art:5608] core @2017-08-08 09:56:55> Entering hook core.app.after_request in (eval 257) l. 1
[art:5608] core @2017-08-08 09:56:55> looking for get / in /home/devel/perl5/perlbrew/perls/perl-5.24.0/lib/site_perl/5.24.0/Dancer2/Core/App.pm l. 36
[art:5608] core @2017-08-08 09:56:55> Entering hook core.app.before_request in (eval 257) l. 1
[art:5608] debug @2017-08-08 09:56:55> request->path : / in /home/devel/Perl/GeekUni/topic-05/ex05/art/bin/../lib/art.pm l. 119
[art:5608] core @2017-08-08 09:56:55> Entering hook core.app.after_request in (eval 257) l. 1
[art:5608] core @2017-08-08 09:56:55> looking for get /login/ in /home/devel/perl5/perlbrew/perls/perl-5.24.0/lib/site_perl/5.24.0/Dancer2/Core/App.pm l. 36
[art:5608] core @2017-08-08 09:56:55> Entering hook core.app.before_request in (eval 257) l. 1
[art:5608] debug @2017-08-08 09:56:55> request->path : /login/ in /home/devel/Perl/GeekUni/topic-05/ex05/art/bin/../lib/art.pm l. 119
[art:5608] core @2017-08-08 09:56:55> Entering hook core.app.after_request in (eval 257) l. 1
[art:5608] core @2017-08-08 09:56:55> looking for get /retrieve-data in /home/devel/perl5/perlbrew/perls/perl-5.24.0/lib/site_perl/5.24.0/Dancer2/Core/App.pm l. 36
[art:5608] core @2017-08-08 09:56:55> Entering hook core.app.before_request in (eval 257) l. 1
[art:5608] debug @2017-08-08 09:56:55> request->path : /retrieve-data in /home/devel/Perl/GeekUni/topic-05/ex05/art/bin/../lib/art.pm l. 119
[art:5608] core @2017-08-08 09:56:55> Entering hook core.app.after_request in (eval 257) l. 1
